<?xml version="1.0" encoding="UTF-8"?>
<!-- Generated by org.testng.reporters.JUnitReportReporter -->
<testsuite skipped="0" hostname="rubel-PC" name="TestRunner.TC002_Logout" tests="1" failures="0" timestamp="16 May 2018 15:54:48 GMT" time="11.222" errors="0">
  <testcase name="feature" time="11.222" classname="TestRunner.TC002_Logout"/>
</testsuite> <!-- TestRunner.TC002_Logout -->
