<?xml version="1.0" encoding="UTF-8"?>
<!-- Generated by org.testng.reporters.JUnitReportReporter -->
<testsuite skipped="0" hostname="CH004695" name="TestRunner.TC001_LoginPage" tests="1" failures="0" timestamp="27 Apr 2019 04:15:02 GMT" time="0.016" errors="0">
  <testcase name="OpenBrowser" time="0.016" classname="TestRunner.TC001_LoginPage"/>
</testsuite> <!-- TestRunner.TC001_LoginPage -->
