<?xml version="1.0" encoding="UTF-8"?>
<!-- Generated by org.testng.reporters.JUnitReportReporter -->
<testsuite skipped="0" hostname="CH004695" name="TestRunner.TC001_LoginPage" tests="1" failures="0" timestamp="25 Apr 2019 21:16:00 GMT" time="12.549" errors="0">
  <testcase name="OpeBrowser" time="12.549" classname="TestRunner.TC001_LoginPage"/>
</testsuite> <!-- TestRunner.TC001_LoginPage -->
