<?xml version="1.0" encoding="UTF-8"?>
<!-- Generated by org.testng.reporters.JUnitReportReporter -->
<testsuite skipped="0" hostname="CH004695" name="testCases.TC001_Login" tests="1" failures="0" timestamp="28 Apr 2019 15:41:51 GMT" time="3.736" errors="0">
  <testcase name="loginTest" time="3.736" classname="testCases.TC001_Login"/>
</testsuite> <!-- testCases.TC001_Login -->
