<?xml version="1.0" encoding="UTF-8"?>
<!-- Generated by org.testng.reporters.JUnitReportReporter -->
<testsuite skipped="0" hostname="rubel-PC" name="TestRunner.staticExample" tests="1" failures="0" timestamp="14 May 2018 16:07:27 GMT" time="0.031" errors="0">
  <testcase name="abcd" time="0.031" classname="TestRunner.staticExample"/>
</testsuite> <!-- TestRunner.staticExample -->
