<?xml version="1.0" encoding="UTF-8"?>
<!-- Generated by org.testng.reporters.JUnitReportReporter -->
<testsuite skipped="0" hostname="rubel-PC" name="TestRunner.TC001_LoginPage" tests="1" failures="0" timestamp="16 May 2018 14:37:31 GMT" time="10.110" errors="0">
  <testcase name="feature" time="10.110" classname="TestRunner.TC001_LoginPage"/>
</testsuite> <!-- TestRunner.TC001_LoginPage -->
